2015-04-11 2:49:16 - PHP Notice:  Undefined variable: width in D:\home\www\opencart-rus.ru\catalog\view\theme\default\template\module\slideshow.tpl on line 2
2015-04-11 2:49:16 - PHP Notice:  Undefined variable: height in D:\home\www\opencart-rus.ru\catalog\view\theme\default\template\module\slideshow.tpl on line 2
2015-04-11 2:49:16 - PHP Notice:  Undefined variable: position in D:\home\www\opencart-rus.ru\catalog\view\theme\default\template\module\featured.tpl on line 1
2015-04-11 2:49:16 - PHP Notice:  Undefined variable: position in D:\home\www\opencart-rus.ru\catalog\view\theme\default\template\module\featured.tpl on line 1
2015-04-11 2:49:16 - PHP Notice:  Undefined variable: position in D:\home\www\opencart-rus.ru\catalog\view\theme\default\template\module\featured.tpl on line 32
2015-04-11 2:49:16 - PHP Notice:  Undefined variable: position in D:\home\www\opencart-rus.ru\catalog\view\theme\default\template\module\featured.tpl on line 32
2015-04-11 2:49:16 - PHP Notice:  Undefined variable: limit in D:\home\www\opencart-rus.ru\catalog\view\theme\default\template\module\carousel.tpl on line 11
2015-04-11 2:49:16 - PHP Notice:  Undefined variable: scroll in D:\home\www\opencart-rus.ru\catalog\view\theme\default\template\module\carousel.tpl on line 12
2015-04-11 2:49:16 - PHP Notice:  Undefined property: Loader::$config in D:\home\www\opencart-rus.ru\catalog\view\theme\default\template\common\footer.tpl on line 48
2015-04-11 2:50:50 - PHP Notice:  Undefined variable: width in D:\home\www\opencart-rus.ru\catalog\view\theme\default\template\module\slideshow.tpl on line 2
2015-04-11 2:50:50 - PHP Notice:  Undefined variable: height in D:\home\www\opencart-rus.ru\catalog\view\theme\default\template\module\slideshow.tpl on line 2
2015-04-11 2:50:50 - PHP Notice:  Undefined variable: position in D:\home\www\opencart-rus.ru\catalog\view\theme\default\template\module\featured.tpl on line 1
2015-04-11 2:50:50 - PHP Notice:  Undefined variable: position in D:\home\www\opencart-rus.ru\catalog\view\theme\default\template\module\featured.tpl on line 1
2015-04-11 2:50:50 - PHP Notice:  Undefined variable: position in D:\home\www\opencart-rus.ru\catalog\view\theme\default\template\module\featured.tpl on line 32
2015-04-11 2:50:50 - PHP Notice:  Undefined variable: position in D:\home\www\opencart-rus.ru\catalog\view\theme\default\template\module\featured.tpl on line 32
2015-04-11 2:50:50 - PHP Notice:  Undefined variable: limit in D:\home\www\opencart-rus.ru\catalog\view\theme\default\template\module\carousel.tpl on line 11
2015-04-11 2:50:50 - PHP Notice:  Undefined variable: scroll in D:\home\www\opencart-rus.ru\catalog\view\theme\default\template\module\carousel.tpl on line 12
2015-04-11 2:51:07 - PHP Notice:  Undefined variable: width in D:\home\www\opencart-rus.ru\catalog\view\theme\default\template\module\slideshow.tpl on line 2
2015-04-11 2:51:07 - PHP Notice:  Undefined variable: height in D:\home\www\opencart-rus.ru\catalog\view\theme\default\template\module\slideshow.tpl on line 2
2015-04-11 2:51:07 - PHP Notice:  Undefined variable: position in D:\home\www\opencart-rus.ru\catalog\view\theme\default\template\module\featured.tpl on line 1
2015-04-11 2:51:07 - PHP Notice:  Undefined variable: position in D:\home\www\opencart-rus.ru\catalog\view\theme\default\template\module\featured.tpl on line 1
2015-04-11 2:51:07 - PHP Notice:  Undefined variable: position in D:\home\www\opencart-rus.ru\catalog\view\theme\default\template\module\featured.tpl on line 32
2015-04-11 2:51:07 - PHP Notice:  Undefined variable: position in D:\home\www\opencart-rus.ru\catalog\view\theme\default\template\module\featured.tpl on line 32
2015-04-11 2:51:07 - PHP Notice:  Undefined variable: limit in D:\home\www\opencart-rus.ru\catalog\view\theme\default\template\module\carousel.tpl on line 11
2015-04-11 2:51:07 - PHP Notice:  Undefined variable: scroll in D:\home\www\opencart-rus.ru\catalog\view\theme\default\template\module\carousel.tpl on line 12
2015-04-11 2:51:07 - PHP Notice:  Undefined property: Loader::$config in D:\home\www\opencart-rus.ru\catalog\view\theme\default\template\common\footer.tpl on line 48
2015-04-11 2:51:52 - PHP Notice:  Undefined variable: width in D:\home\www\opencart-rus.ru\catalog\view\theme\default\template\module\slideshow.tpl on line 2
2015-04-11 2:51:52 - PHP Notice:  Undefined variable: height in D:\home\www\opencart-rus.ru\catalog\view\theme\default\template\module\slideshow.tpl on line 2
2015-04-11 2:51:52 - PHP Notice:  Undefined variable: position in D:\home\www\opencart-rus.ru\catalog\view\theme\default\template\module\featured.tpl on line 1
2015-04-11 2:51:52 - PHP Notice:  Undefined variable: position in D:\home\www\opencart-rus.ru\catalog\view\theme\default\template\module\featured.tpl on line 1
2015-04-11 2:51:52 - PHP Notice:  Undefined variable: position in D:\home\www\opencart-rus.ru\catalog\view\theme\default\template\module\featured.tpl on line 32
2015-04-11 2:51:52 - PHP Notice:  Undefined variable: position in D:\home\www\opencart-rus.ru\catalog\view\theme\default\template\module\featured.tpl on line 32
2015-04-11 2:51:52 - PHP Notice:  Undefined variable: limit in D:\home\www\opencart-rus.ru\catalog\view\theme\default\template\module\carousel.tpl on line 11
2015-04-11 2:51:52 - PHP Notice:  Undefined variable: scroll in D:\home\www\opencart-rus.ru\catalog\view\theme\default\template\module\carousel.tpl on line 12
2015-04-11 2:51:52 - PHP Notice:  Undefined variable: image in D:\home\www\opencart-rus.ru\catalog\view\theme\default\template\common\footer.tpl on line 48
2015-04-11 2:51:52 - PHP Notice:  Undefined variable: image in D:\home\www\opencart-rus.ru\catalog\view\theme\default\template\common\footer.tpl on line 48
2015-04-11 2:51:52 - PHP Notice:  Undefined variable: text_search in D:\home\www\opencart-rus.ru\catalog\view\theme\default\template\common\header.tpl on line 71
2015-04-11 2:51:52 - PHP Notice:  Undefined variable: text_welcome in D:\home\www\opencart-rus.ru\catalog\view\theme\default\template\common\header.tpl on line 80
2015-04-11 2:51:52 - PHP Notice:  Undefined variable: heading_title in D:\home\www\opencart-rus.ru\catalog\view\theme\default\template\common\home.tpl on line 3
2015-04-15 2:49:47 - PHP Notice:  Undefined variable: children in D:\home\www\opencart-rus.ru\catalog\view\theme\themesly\template\common\header.tpl on line 128
2015-04-15 2:49:47 - PHP Warning:  Invalid argument supplied for foreach() in D:\home\www\opencart-rus.ru\catalog\view\theme\themesly\template\common\header.tpl on line 128
2015-04-15 2:49:47 - PHP Notice:  Undefined variable: children in D:\home\www\opencart-rus.ru\catalog\view\theme\themesly\template\common\header.tpl on line 128
2015-04-15 2:49:47 - PHP Warning:  Invalid argument supplied for foreach() in D:\home\www\opencart-rus.ru\catalog\view\theme\themesly\template\common\header.tpl on line 128
2015-04-15 2:49:47 - PHP Notice:  Undefined variable: children in D:\home\www\opencart-rus.ru\catalog\view\theme\themesly\template\common\header.tpl on line 128
2015-04-15 2:49:47 - PHP Warning:  Invalid argument supplied for foreach() in D:\home\www\opencart-rus.ru\catalog\view\theme\themesly\template\common\header.tpl on line 128
2015-04-15 2:49:47 - PHP Notice:  Undefined variable: children in D:\home\www\opencart-rus.ru\catalog\view\theme\themesly\template\common\header.tpl on line 128
2015-04-15 2:49:47 - PHP Warning:  Invalid argument supplied for foreach() in D:\home\www\opencart-rus.ru\catalog\view\theme\themesly\template\common\header.tpl on line 128
2015-04-15 2:52:34 - PHP Notice:  Undefined variable: i in D:\home\www\opencart-rus.ru\catalog\view\theme\themesly\template\common\header.tpl on line 117
